# JRE version: OpenJDK Runtime Environment (8.0_112-b06) (build 1.8.0_112-release-b06)
# Java VM: OpenJDK 64-Bit Server VM (25.112-b06 mixed mode windows-amd64 compressed oops)
Heap:
 PSYoungGen      total 115712K, used 32144K [0x00000000e0000000, 0x00000000ea600000, 0x0000000100000000)
  eden space 103936K, 19% used [0x00000000e0000000,0x00000000e13ebee8,0x00000000e6580000)
  from space 11776K, 99% used [0x00000000e6580000,0x00000000e70f8460,0x00000000e7100000)
  to   space 14336K, 0% used [0x00000000e9800000,0x00000000e9800000,0x00000000ea600000)
 ParOldGen       total 84992K, used 17790K [0x00000000a0000000, 0x00000000a5300000, 0x00000000e0000000)
  object space 84992K, 20% used [0x00000000a0000000,0x00000000a115f9f8,0x00000000a5300000)
 Metaspace       used 46831K, capacity 48262K, committed 48472K, reserved 1091584K
  class space    used 6350K, capacity 6693K, committed 6744K, reserved 1048576K
GC Heap History (10 events):
Event: 7.235 GC heap before
{Heap before GC invocations=9 (full 1):
 PSYoungGen      total 61440K, used 56948K [0x00000000e0000000, 0x00000000e5f80000, 0x0000000100000000)
  eden space 50176K, 100% used [0x00000000e0000000,0x00000000e3100000,0x00000000e3100000)
  from space 11264K, 60% used [0x00000000e3100000,0x00000000e379d008,0x00000000e3c00000)
  to   space 10752K, 0% used [0x00000000e5500000,0x00000000e5500000,0x00000000e5f80000)
 ParOldGen       total 63488K, used 9828K [0x00000000a0000000, 0x00000000a3e00000, 0x00000000e0000000)
  object space 63488K, 15% used [0x00000000a0000000,0x00000000a0999058,0x00000000a3e00000)
 Metaspace       used 34083K, capacity 34764K, committed 35072K, reserved 1079296K
  class space    used 4584K, capacity 4781K, committed 4864K, reserved 1048576K
Event: 7.246 GC heap after
Heap after GC invocations=9 (full 1):
 PSYoungGen      total 86016K, used 10402K [0x00000000e0000000, 0x00000000e6180000, 0x0000000100000000)
  eden space 75264K, 0% used [0x00000000e0000000,0x00000000e0000000,0x00000000e4980000)
  from space 10752K, 96% used [0x00000000e5500000,0x00000000e5f28ab0,0x00000000e5f80000)
  to   space 11776K, 0% used [0x00000000e4980000,0x00000000e4980000,0x00000000e5500000)
 ParOldGen       total 63488K, used 9900K [0x00000000a0000000, 0x00000000a3e00000, 0x00000000e0000000)
  object space 63488K, 15% used [0x00000000a0000000,0x00000000a09ab068,0x00000000a3e00000)
 Metaspace       used 34083K, capacity 34764K, committed 35072K, reserved 1079296K
  class space    used 4584K, capacity 4781K, committed 4864K, reserved 1048576K
}
Event: 7.332 GC heap before
{Heap before GC invocations=10 (full 1):
 PSYoungGen      total 86016K, used 19075K [0x00000000e0000000, 0x00000000e6180000, 0x0000000100000000)
  eden space 75264K, 11% used [0x00000000e0000000,0x00000000e08784f0,0x00000000e4980000)
  from space 10752K, 96% used [0x00000000e5500000,0x00000000e5f28ab0,0x00000000e5f80000)
  to   space 11776K, 0% used [0x00000000e4980000,0x00000000e4980000,0x00000000e5500000)
 ParOldGen       total 63488K, used 9900K [0x00000000a0000000, 0x00000000a3e00000, 0x00000000e0000000)
  object space 63488K, 15% used [0x00000000a0000000,0x00000000a09ab068,0x00000000a3e00000)
 Metaspace       used 34537K, capacity 35248K, committed 35416K, reserved 1079296K
  class space    used 4653K, capacity 4881K, committed 4952K, reserved 1048576K
Event: 7.337 GC heap after
Heap after GC invocations=10 (full 1):
 PSYoungGen      total 87040K, used 7672K [0x00000000e0000000, 0x00000000e8000000, 0x0000000100000000)
  eden space 75264K, 0% used [0x00000000e0000000,0x00000000e0000000,0x00000000e4980000)
  from space 11776K, 65% used [0x00000000e4980000,0x00000000e50fe3c8,0x00000000e5500000)
  to   space 11776K, 0% used [0x00000000e7480000,0x00000000e7480000,0x00000000e8000000)
 ParOldGen       total 63488K, used 9908K [0x00000000a0000000, 0x00000000a3e00000, 0x00000000e0000000)
  object space 63488K, 15% used [0x00000000a0000000,0x00000000a09ad068,0x00000000a3e00000)
 Metaspace       used 34537K, capacity 35248K, committed 35416K, reserved 1079296K
  class space    used 4653K, capacity 4881K, committed 4952K, reserved 1048576K
}
Event: 7.337 GC heap before
{Heap before GC invocations=11 (full 2):
 PSYoungGen      total 87040K, used 7672K [0x00000000e0000000, 0x00000000e8000000, 0x0000000100000000)
  eden space 75264K, 0% used [0x00000000e0000000,0x00000000e0000000,0x00000000e4980000)
  from space 11776K, 65% used [0x00000000e4980000,0x00000000e50fe3c8,0x00000000e5500000)
  to   space 11776K, 0% used [0x00000000e7480000,0x00000000e7480000,0x00000000e8000000)
 ParOldGen       total 63488K, used 9908K [0x00000000a0000000, 0x00000000a3e00000, 0x00000000e0000000)
  object space 63488K, 15% used [0x00000000a0000000,0x00000000a09ad068,0x00000000a3e00000)
 Metaspace       used 34537K, capacity 35248K, committed 35416K, reserved 1079296K
  class space    used 4653K, capacity 4881K, committed 4952K, reserved 1048576K
Event: 7.386 GC heap after
Heap after GC invocations=11 (full 2):
 PSYoungGen      total 87040K, used 0K [0x00000000e0000000, 0x00000000e8000000, 0x0000000100000000)
  eden space 75264K, 0% used [0x00000000e0000000,0x00000000e0000000,0x00000000e4980000)
  from space 11776K, 0% used [0x00000000e4980000,0x00000000e4980000,0x00000000e5500000)
  to   space 11776K, 0% used [0x00000000e7480000,0x00000000e7480000,0x00000000e8000000)
 ParOldGen       total 84992K, used 14366K [0x00000000a0000000, 0x00000000a5300000, 0x00000000e0000000)
  object space 84992K, 16% used [0x00000000a0000000,0x00000000a0e07ad8,0x00000000a5300000)
 Metaspace       used 34537K, capacity 35248K, committed 35416K, reserved 1079296K
  class space    used 4653K, capacity 4881K, committed 4952K, reserved 1048576K
}
Event: 7.982 GC heap before
{Heap before GC invocations=12 (full 2):
 PSYoungGen      total 87040K, used 75264K [0x00000000e0000000, 0x00000000e8000000, 0x0000000100000000)
  eden space 75264K, 100% used [0x00000000e0000000,0x00000000e4980000,0x00000000e4980000)
  from space 11776K, 0% used [0x00000000e4980000,0x00000000e4980000,0x00000000e5500000)
  to   space 11776K, 0% used [0x00000000e7480000,0x00000000e7480000,0x00000000e8000000)
 ParOldGen       total 84992K, used 14366K [0x00000000a0000000, 0x00000000a5300000, 0x00000000e0000000)
  object space 84992K, 16% used [0x00000000a0000000,0x00000000a0e07ad8,0x00000000a5300000)
 Metaspace       used 37944K, capacity 38786K, committed 39000K, reserved 1083392K
  class space    used 5084K, capacity 5363K, committed 5464K, reserved 1048576K
Event: 7.995 GC heap after
Heap after GC invocations=12 (full 2):
 PSYoungGen      total 112128K, used 8042K [0x00000000e0000000, 0x00000000e7c80000, 0x0000000100000000)
  eden space 103936K, 0% used [0x00000000e0000000,0x00000000e0000000,0x00000000e6580000)
  from space 8192K, 98% used [0x00000000e7480000,0x00000000e7c5ab60,0x00000000e7c80000)
  to   space 11776K, 0% used [0x00000000e6580000,0x00000000e6580000,0x00000000e7100000)
 ParOldGen       total 84992K, used 14374K [0x00000000a0000000, 0x00000000a5300000, 0x00000000e0000000)
  object space 84992K, 16% used [0x00000000a0000000,0x00000000a0e09ad8,0x00000000a5300000)
 Metaspace       used 37944K, capacity 38786K, committed 39000K, reserved 1083392K
  class space    used 5084K, capacity 5363K, committed 5464K, reserved 1048576K
}
Event: 9.615 GC heap before
{Heap before GC invocations=13 (full 2):
 PSYoungGen      total 112128K, used 111978K [0x00000000e0000000, 0x00000000e7c80000, 0x0000000100000000)
  eden space 103936K, 100% used [0x00000000e0000000,0x00000000e6580000,0x00000000e6580000)
  from space 8192K, 98% used [0x00000000e7480000,0x00000000e7c5ab60,0x00000000e7c80000)
  to   space 11776K, 0% used [0x00000000e6580000,0x00000000e6580000,0x00000000e7100000)
 ParOldGen       total 84992K, used 14374K [0x00000000a0000000, 0x00000000a5300000, 0x00000000e0000000)
  object space 84992K, 16% used [0x00000000a0000000,0x00000000a0e09ad8,0x00000000a5300000)
 Metaspace       used 45843K, capacity 47218K, committed 47576K, reserved 1089536K
  class space    used 6180K, capacity 6505K, committed 6616K, reserved 1048576K
Event: 9.632 GC heap after
Heap after GC invocations=13 (full 2):
 PSYoungGen      total 115712K, used 11745K [0x00000000e0000000, 0x00000000ea600000, 0x0000000100000000)
  eden space 103936K, 0% used [0x00000000e0000000,0x00000000e0000000,0x00000000e6580000)
  from space 11776K, 99% used [0x00000000e6580000,0x00000000e70f8460,0x00000000e7100000)
  to   space 14336K, 0% used [0x00000000e9800000,0x00000000e9800000,0x00000000ea600000)
 ParOldGen       total 84992K, used 17790K [0x00000000a0000000, 0x00000000a5300000, 0x00000000e0000000)
  object space 84992K, 20% used [0x00000000a0000000,0x00000000a115f9f8,0x00000000a5300000)
 Metaspace       used 45843K, capacity 47218K, committed 47576K, reserved 1089536K
  class space    used 6180K, capacity 6505K, committed 6616K, reserved 1048576K
}

