# JRE version: OpenJDK Runtime Environment (8.0_112-b06) (build 1.8.0_112-release-b06)
# Java VM: OpenJDK 64-Bit Server VM (25.112-b06 mixed mode windows-amd64 compressed oops)
Heap:
 PSYoungGen      total 442368K, used 166370K [0x00000000e0000000, 0x00000000ff400000, 0x0000000100000000)
  eden space 380928K, 42% used [0x00000000e0000000,0x00000000e9cf44d0,0x00000000f7400000)
  from space 61440K, 9% used [0x00000000fb800000,0x00000000fbd84568,0x00000000ff400000)
  to   space 65536K, 0% used [0x00000000f7400000,0x00000000f7400000,0x00000000fb400000)
 ParOldGen       total 205824K, used 124380K [0x00000000a0000000, 0x00000000ac900000, 0x00000000e0000000)
  object space 205824K, 60% used [0x00000000a0000000,0x00000000a7977070,0x00000000ac900000)
 Metaspace       used 114293K, capacity 126398K, committed 126552K, reserved 1159168K
  class space    used 14573K, capacity 16472K, committed 16472K, reserved 1048576K
GC Heap History (10 events):
Event: 12310.186 GC heap before
{Heap before GC invocations=64 (full 4):
 PSYoungGen      total 329728K, used 306008K [0x00000000e0000000, 0x00000000fae80000, 0x0000000100000000)
  eden space 263680K, 100% used [0x00000000e0000000,0x00000000f0180000,0x00000000f0180000)
  from space 66048K, 64% used [0x00000000f0180000,0x00000000f2ad6338,0x00000000f4200000)
  to   space 68096K, 0% used [0x00000000f6c00000,0x00000000f6c00000,0x00000000fae80000)
 ParOldGen       total 205824K, used 90155K [0x00000000a0000000, 0x00000000ac900000, 0x00000000e0000000)
  object space 205824K, 43% used [0x00000000a0000000,0x00000000a580af58,0x00000000ac900000)
 Metaspace       used 113524K, capacity 125244K, committed 125528K, reserved 1159168K
  class space    used 14518K, capacity 16383K, committed 16472K, reserved 1048576K
Event: 12310.242 GC heap after
Heap after GC invocations=64 (full 4):
 PSYoungGen      total 369664K, used 42829K [0x00000000e0000000, 0x00000000fae80000, 0x0000000100000000)
  eden space 301568K, 0% used [0x00000000e0000000,0x00000000e0000000,0x00000000f2680000)
  from space 68096K, 62% used [0x00000000f6c00000,0x00000000f95d3508,0x00000000fae80000)
  to   space 69632K, 0% used [0x00000000f2680000,0x00000000f2680000,0x00000000f6a80000)
 ParOldGen       total 205824K, used 92647K [0x00000000a0000000, 0x00000000ac900000, 0x00000000e0000000)
  object space 205824K, 45% used [0x00000000a0000000,0x00000000a5a79eb0,0x00000000ac900000)
 Metaspace       used 113524K, capacity 125244K, committed 125528K, reserved 1159168K
  class space    used 14518K, capacity 16383K, committed 16472K, reserved 1048576K
}
Event: 12313.135 GC heap before
{Heap before GC invocations=65 (full 4):
 PSYoungGen      total 369664K, used 344397K [0x00000000e0000000, 0x00000000fae80000, 0x0000000100000000)
  eden space 301568K, 100% used [0x00000000e0000000,0x00000000f2680000,0x00000000f2680000)
  from space 68096K, 62% used [0x00000000f6c00000,0x00000000f95d3508,0x00000000fae80000)
  to   space 69632K, 0% used [0x00000000f2680000,0x00000000f2680000,0x00000000f6a80000)
 ParOldGen       total 205824K, used 92647K [0x00000000a0000000, 0x00000000ac900000, 0x00000000e0000000)
  object space 205824K, 45% used [0x00000000a0000000,0x00000000a5a79eb0,0x00000000ac900000)
 Metaspace       used 113907K, capacity 125778K, committed 126040K, reserved 1159168K
  class space    used 14533K, capacity 16402K, committed 16472K, reserved 1048576K
Event: 12313.169 GC heap after
Heap after GC invocations=65 (full 4):
 PSYoungGen      total 371200K, used 36473K [0x00000000e0000000, 0x00000000fd500000, 0x0000000100000000)
  eden space 301568K, 0% used [0x00000000e0000000,0x00000000e0000000,0x00000000f2680000)
  from space 69632K, 52% used [0x00000000f2680000,0x00000000f4a1e638,0x00000000f6a80000)
  to   space 68608K, 0% used [0x00000000f9200000,0x00000000f9200000,0x00000000fd500000)
 ParOldGen       total 205824K, used 93159K [0x00000000a0000000, 0x00000000ac900000, 0x00000000e0000000)
  object space 205824K, 45% used [0x00000000a0000000,0x00000000a5af9eb0,0x00000000ac900000)
 Metaspace       used 113907K, capacity 125778K, committed 126040K, reserved 1159168K
  class space    used 14533K, capacity 16402K, committed 16472K, reserved 1048576K
}
Event: 12314.450 GC heap before
{Heap before GC invocations=66 (full 4):
 PSYoungGen      total 371200K, used 337250K [0x00000000e0000000, 0x00000000fd500000, 0x0000000100000000)
  eden space 301568K, 99% used [0x00000000e0000000,0x00000000f25ba298,0x00000000f2680000)
  from space 69632K, 52% used [0x00000000f2680000,0x00000000f4a1e638,0x00000000f6a80000)
  to   space 68608K, 0% used [0x00000000f9200000,0x00000000f9200000,0x00000000fd500000)
 ParOldGen       total 205824K, used 93159K [0x00000000a0000000, 0x00000000ac900000, 0x00000000e0000000)
  object space 205824K, 45% used [0x00000000a0000000,0x00000000a5af9eb0,0x00000000ac900000)
 Metaspace       used 113999K, capacity 125872K, committed 126040K, reserved 1159168K
  class space    used 14538K, capacity 16407K, committed 16472K, reserved 1048576K
Event: 12314.474 GC heap after
Heap after GC invocations=66 (full 4):
 PSYoungGen      total 403456K, used 28391K [0x00000000e0000000, 0x00000000fcd80000, 0x0000000100000000)
  eden space 342528K, 0% used [0x00000000e0000000,0x00000000e0000000,0x00000000f4e80000)
  from space 60928K, 46% used [0x00000000f9200000,0x00000000fadb9df8,0x00000000fcd80000)
  to   space 65024K, 0% used [0x00000000f4e80000,0x00000000f4e80000,0x00000000f8e00000)
 ParOldGen       total 205824K, used 103193K [0x00000000a0000000, 0x00000000ac900000, 0x00000000e0000000)
  object space 205824K, 50% used [0x00000000a0000000,0x00000000a64c67e0,0x00000000ac900000)
 Metaspace       used 113999K, capacity 125872K, committed 126040K, reserved 1159168K
  class space    used 14538K, capacity 16407K, committed 16472K, reserved 1048576K
}
Event: 12379.044 GC heap before
{Heap before GC invocations=67 (full 4):
 PSYoungGen      total 403456K, used 370919K [0x00000000e0000000, 0x00000000fcd80000, 0x0000000100000000)
  eden space 342528K, 100% used [0x00000000e0000000,0x00000000f4e80000,0x00000000f4e80000)
  from space 60928K, 46% used [0x00000000f9200000,0x00000000fadb9df8,0x00000000fcd80000)
  to   space 65024K, 0% used [0x00000000f4e80000,0x00000000f4e80000,0x00000000f8e00000)
 ParOldGen       total 205824K, used 103193K [0x00000000a0000000, 0x00000000ac900000, 0x00000000e0000000)
  object space 205824K, 50% used [0x00000000a0000000,0x00000000a64c67e0,0x00000000ac900000)
 Metaspace       used 114057K, capacity 126028K, committed 126296K, reserved 1159168K
  class space    used 14545K, capacity 16415K, committed 16472K, reserved 1048576K
Event: 12379.065 GC heap after
Heap after GC invocations=67 (full 4):
 PSYoungGen      total 407552K, used 2585K [0x00000000e0000000, 0x00000000ff880000, 0x0000000100000000)
  eden space 342528K, 0% used [0x00000000e0000000,0x00000000e0000000,0x00000000f4e80000)
  from space 65024K, 3% used [0x00000000f4e80000,0x00000000f51064d0,0x00000000f8e00000)
  to   space 66048K, 0% used [0x00000000fb800000,0x00000000fb800000,0x00000000ff880000)
 ParOldGen       total 205824K, used 124020K [0x00000000a0000000, 0x00000000ac900000, 0x00000000e0000000)
  object space 205824K, 60% used [0x00000000a0000000,0x00000000a791d060,0x00000000ac900000)
 Metaspace       used 114057K, capacity 126028K, committed 126296K, reserved 1159168K
  class space    used 14545K, capacity 16415K, committed 16472K, reserved 1048576K
}
Event: 12380.903 GC heap before
{Heap before GC invocations=68 (full 4):
 PSYoungGen      total 407552K, used 344508K [0x00000000e0000000, 0x00000000ff880000, 0x0000000100000000)
  eden space 342528K, 99% used [0x00000000e0000000,0x00000000f4de8df0,0x00000000f4e80000)
  from space 65024K, 3% used [0x00000000f4e80000,0x00000000f51064d0,0x00000000f8e00000)
  to   space 66048K, 0% used [0x00000000fb800000,0x00000000fb800000,0x00000000ff880000)
 ParOldGen       total 205824K, used 124020K [0x00000000a0000000, 0x00000000ac900000, 0x00000000e0000000)
  object space 205824K, 60% used [0x00000000a0000000,0x00000000a791d060,0x00000000ac900000)
 Metaspace       used 114221K, capacity 126308K, committed 126552K, reserved 1159168K
  class space    used 14569K, capacity 16467K, committed 16472K, reserved 1048576K
Event: 12380.911 GC heap after
Heap after GC invocations=68 (full 4):
 PSYoungGen      total 442368K, used 5649K [0x00000000e0000000, 0x00000000ff400000, 0x0000000100000000)
  eden space 380928K, 0% used [0x00000000e0000000,0x00000000e0000000,0x00000000f7400000)
  from space 61440K, 9% used [0x00000000fb800000,0x00000000fbd84568,0x00000000ff400000)
  to   space 65536K, 0% used [0x00000000f7400000,0x00000000f7400000,0x00000000fb400000)
 ParOldGen       total 205824K, used 124380K [0x00000000a0000000, 0x00000000ac900000, 0x00000000e0000000)
  object space 205824K, 60% used [0x00000000a0000000,0x00000000a7977070,0x00000000ac900000)
 Metaspace       used 114221K, capacity 126308K, committed 126552K, reserved 1159168K
  class space    used 14569K, capacity 16467K, committed 16472K, reserved 1048576K
}

